<?xml version="1.0" encoding="UTF-8"?>
<testng-results skipped="0" failed="0" ignored="0" total="1" passed="1">
  <reporter-output>
  </reporter-output>
  <suite name="Default suite" duration-ms="11970" started-at="2020-07-04T17:48:38 EDT" finished-at="2020-07-04T17:48:50 EDT">
    <groups>
    </groups>
    <test name="Default test" duration-ms="11970" started-at="2020-07-04T17:48:38 EDT" finished-at="2020-07-04T17:48:50 EDT">
      <class name="o1_SeleniumMethods.oo33_TestNG_2">
        <test-method status="PASS" signature="setUp()[pri:0, instance:o1_SeleniumMethods.oo33_TestNG_2@4148db48]" name="setUp" is-config="true" duration-ms="9474" started-at="2020-07-04T17:48:38 EDT" finished-at="2020-07-04T17:48:47 EDT">
          <reporter-output>
          </reporter-output>
        </test-method> <!-- setUp -->
        <test-method status="PASS" signature="InvalidCredentials()[pri:0, instance:o1_SeleniumMethods.oo33_TestNG_2@4148db48]" name="InvalidCredentials" duration-ms="2232" started-at="2020-07-04T17:48:47 EDT" finished-at="2020-07-04T17:48:50 EDT">
          <reporter-output>
          </reporter-output>
        </test-method> <!-- InvalidCredentials -->
        <test-method status="PASS" signature="tearDown()[pri:0, instance:o1_SeleniumMethods.oo33_TestNG_2@4148db48]" name="tearDown" is-config="true" duration-ms="204" started-at="2020-07-04T17:48:50 EDT" finished-at="2020-07-04T17:48:50 EDT">
          <reporter-output>
          </reporter-output>
        </test-method> <!-- tearDown -->
      </class> <!-- o1_SeleniumMethods.oo33_TestNG_2 -->
    </test> <!-- Default test -->
  </suite> <!-- Default suite -->
</testng-results>
